184  2022-05-08 23:39:32.228[main] INFO  o.s.b.t.c.SpringBootTestContextBootstrapper - Neither @ContextConfiguration nor @ContextHierarchy found for test class [com.HCL.eCommerce.AccountManagementApplicationTests], using SpringBootContextLoader
190  2022-05-08 23:39:32.234[main] INFO  o.s.t.c.s.AbstractContextLoader - Could not detect default resource locations for test class [com.HCL.eCommerce.AccountManagementApplicationTests]: no resource found for suffixes {-context.xml, Context.groovy}.
191  2022-05-08 23:39:32.235[main] INFO  o.s.t.c.s.AnnotationConfigContextLoaderUtils - Could not detect default configuration classes for test class [com.HCL.eCommerce.AccountManagementApplicationTests]: AccountManagementApplicationTests does not declare any static, non-private, non-final, nested classes annotated with @Configuration.
294  2022-05-08 23:39:32.338[main] INFO  o.s.b.t.c.SpringBootTestContextBootstrapper - Found @SpringBootConfiguration com.HCL.eCommerce.AccountManagementApplication for test class com.HCL.eCommerce.AccountManagementApplicationTests
404  2022-05-08 23:39:32.448[main] INFO  o.s.b.t.c.SpringBootTestContextBootstrapper - Loaded default TestExecutionListener class names from location [META-INF/spring.factories]: [org.springframework.boot.test.mock.mockito.MockitoTestExecutionListener, org.springframework.boot.test.mock.mockito.ResetMocksTestExecutionListener, org.springframework.boot.test.autoconfigure.restdocs.RestDocsTestExecutionListener, org.springframework.boot.test.autoconfigure.web.client.MockRestServiceServerResetTestExecutionListener, org.springframework.boot.test.autoconfigure.web.servlet.MockMvcPrintOnlyOnFailureTestExecutionListener, org.springframework.boot.test.autoconfigure.web.servlet.WebDriverTestExecutionListener, org.springframework.boot.test.autoconfigure.webservices.client.MockWebServiceServerTestExecutionListener, org.springframework.test.context.web.ServletTestExecutionListener, org.springframework.test.context.support.DirtiesContextBeforeModesTestExecutionListener, org.springframework.test.context.event.ApplicationEventsTestExecutionListener, org.springframework.test.context.support.DependencyInjectionTestExecutionListener, org.springframework.test.context.support.DirtiesContextTestExecutionListener, org.springframework.test.context.transaction.TransactionalTestExecutionListener, org.springframework.test.context.jdbc.SqlScriptsTestExecutionListener, org.springframework.test.context.event.EventPublishingTestExecutionListener]
422  2022-05-08 23:39:32.466[main] INFO  o.s.b.t.c.SpringBootTestContextBootstrapper - Using TestExecutionListeners: [org.springframework.test.context.web.ServletTestExecutionListener@41fe9859, org.springframework.test.context.support.DirtiesContextBeforeModesTestExecutionListener@5ac86ba5, org.springframework.test.context.event.ApplicationEventsTestExecutionListener@6c67e137, org.springframework.boot.test.mock.mockito.MockitoTestExecutionListener@2c9399a4, org.springframework.boot.test.autoconfigure.SpringBootDependencyInjectionTestExecutionListener@191ae03f, org.springframework.test.context.support.DirtiesContextTestExecutionListener@9635fa, org.springframework.test.context.transaction.TransactionalTestExecutionListener@53ab0286, org.springframework.test.context.jdbc.SqlScriptsTestExecutionListener@63c5efee, org.springframework.test.context.event.EventPublishingTestExecutionListener@2d10e0b1, org.springframework.boot.test.mock.mockito.ResetMocksTestExecutionListener@1c98290c, org.springframework.boot.test.autoconfigure.restdocs.RestDocsTestExecutionListener@172ca72b, org.springframework.boot.test.autoconfigure.web.client.MockRestServiceServerResetTestExecutionListener@5bda80bf, org.springframework.boot.test.autoconfigure.web.servlet.MockMvcPrintOnlyOnFailureTestExecutionListener@71e5f61d, org.springframework.boot.test.autoconfigure.web.servlet.WebDriverTestExecutionListener@2ce86164, org.springframework.boot.test.autoconfigure.webservices.client.MockWebServiceServerTestExecutionListener@5e8f9e2d]
961  2022-05-08 23:39:33.005[main] INFO  c.H.e.AccountManagementApplicationTests - Starting AccountManagementApplicationTests using Java 17.0.2 on BLD with PID 28160 (started by jetau in C:\Users\jetau\OneDrive\Desktop\HCL-Account-Management\eCommerce)
962  2022-05-08 23:39:33.006[main] INFO  c.H.e.AccountManagementApplicationTests - The following 1 profile is active: "dev"
973  2022-05-08 23:39:33.017[background-preinit] INFO  o.h.validator.internal.util.Version - HV000001: Hibernate Validator 6.2.3.Final
2226 2022-05-08 23:39:34.270[main] INFO  o.s.d.r.c.RepositoryConfigurationDelegate - Bootstrapping Spring Data JPA repositories in DEFAULT mode.
2294 2022-05-08 23:39:34.338[main] INFO  o.s.d.r.c.RepositoryConfigurationDelegate - Finished Spring Data repository scanning in 59 ms. Found 3 JPA repository interfaces.
2601 2022-05-08 23:39:34.645[main] INFO  o.s.c.context.scope.GenericScope - BeanFactory id=e3adbb3c-8450-39ff-8450-8a23a471af7c
3076 2022-05-08 23:39:35.120[main] INFO  o.h.jpa.internal.util.LogHelper - HHH000204: Processing PersistenceUnitInfo [name: default]
3136 2022-05-08 23:39:35.180[main] INFO  org.hibernate.Version - HHH000412: Hibernate ORM core version 5.4.33
3289 2022-05-08 23:39:35.333[main] INFO  o.h.annotations.common.Version - HCANN000001: Hibernate Commons Annotations {5.1.2.Final}
3466 2022-05-08 23:39:35.510[main] INFO  com.zaxxer.hikari.HikariDataSource - HikariPool-1 - Starting...
3817 2022-05-08 23:39:35.861[main] INFO  com.zaxxer.hikari.HikariDataSource - HikariPool-1 - Start completed.
3857 2022-05-08 23:39:35.901[main] INFO  org.hibernate.dialect.Dialect - HHH000400: Using dialect: org.hibernate.dialect.MySQL8Dialect
4690 2022-05-08 23:39:36.734[main] INFO  o.h.e.t.j.p.i.JtaPlatformInitiator - HHH000490: Using JtaPlatform implementation: [org.hibernate.engine.transaction.jta.platform.internal.NoJtaPlatform]
4700 2022-05-08 23:39:36.744[main] INFO  o.s.o.j.LocalContainerEntityManagerFactoryBean - Initialized JPA EntityManagerFactory for persistence unit 'default'
4777 2022-05-08 23:39:36.821[main] WARN  o.s.b.a.o.j.JpaBaseConfiguration$JpaWebConfiguration - spring.jpa.open-in-view is enabled by default. Therefore, database queries may be performed during view rendering. Explicitly configure spring.jpa.open-in-view to disable this warning
7625 2022-05-08 23:39:39.669[main] INFO  o.s.s.w.DefaultSecurityFilterChain - Will not secure Or [Ant [pattern='/oauth/token'], Ant [pattern='/oauth/token_key'], Ant [pattern='/oauth/check_token']]
7639 2022-05-08 23:39:39.683[main] INFO  o.s.s.w.DefaultSecurityFilterChain - Will not secure org.springframework.security.oauth2.config.annotation.web.configuration.ResourceServerConfiguration$NotOAuthRequestMatcher@400cb9ef
7648 2022-05-08 23:39:39.692[main] INFO  o.s.s.w.DefaultSecurityFilterChain - Will not secure any request
7828 2022-05-08 23:39:39.872[main] WARN  o.s.c.s.o.SpringCloudSecurityAutoConfiguration - All Spring Cloud Security modules and starters are deprecated. They will be moved to individual projects in the next major release.
8284 2022-05-08 23:39:40.328[main] INFO  c.H.e.AccountManagementApplicationTests - Started AccountManagementApplicationTests in 7.811 seconds (JVM running for 8.892)
8594 2022-05-08 23:39:40.638[SpringApplicationShutdownHook] INFO  o.s.o.j.LocalContainerEntityManagerFactoryBean - Closing JPA EntityManagerFactory for persistence unit 'default'
8596 2022-05-08 23:39:40.640[SpringApplicationShutdownHook] INFO  com.zaxxer.hikari.HikariDataSource - HikariPool-1 - Shutdown initiated...
8630 2022-05-08 23:39:40.674[SpringApplicationShutdownHook] INFO  com.zaxxer.hikari.HikariDataSource - HikariPool-1 - Shutdown completed.
150  2022-05-08 23:39:57.120[main] ERROR c.H.e.AccountManagementApplication - Error log from AccountManagementApplication for logging level ERROR
707  2022-05-08 23:39:57.677[background-preinit] INFO  o.h.validator.internal.util.Version - HV000001: Hibernate Validator 6.2.3.Final
716  2022-05-08 23:39:57.686[main] INFO  c.H.e.AccountManagementApplication - Starting AccountManagementApplication using Java 17.0.2 on BLD with PID 6512 (C:\Users\jetau\OneDrive\Desktop\HCL-Account-Management\eCommerce\target\classes started by jetau in C:\Users\jetau\OneDrive\Desktop\HCL-Account-Management\eCommerce)
717  2022-05-08 23:39:57.687[main] INFO  c.H.e.AccountManagementApplication - The following 1 profile is active: "dev"
1693 2022-05-08 23:39:58.663[main] INFO  o.s.d.r.c.RepositoryConfigurationDelegate - Bootstrapping Spring Data JPA repositories in DEFAULT mode.
1746 2022-05-08 23:39:58.716[main] INFO  o.s.d.r.c.RepositoryConfigurationDelegate - Finished Spring Data repository scanning in 46 ms. Found 3 JPA repository interfaces.
1965 2022-05-08 23:39:58.935[main] INFO  o.s.c.context.scope.GenericScope - BeanFactory id=17b2a2e6-d9d7-30c3-b30e-776fe3bac1b0
2316 2022-05-08 23:39:59.286[main] INFO  o.s.b.w.e.tomcat.TomcatWebServer - Tomcat initialized with port(s): 8081 (http)
2325 2022-05-08 23:39:59.295[main] INFO  o.a.coyote.http11.Http11NioProtocol - Initializing ProtocolHandler ["http-nio-8081"]
2326 2022-05-08 23:39:59.296[main] INFO  o.a.catalina.core.StandardService - Starting service [Tomcat]
2326 2022-05-08 23:39:59.296[main] INFO  o.a.catalina.core.StandardEngine - Starting Servlet engine: [Apache Tomcat/9.0.60]
2448 2022-05-08 23:39:59.418[main] INFO  o.a.c.c.C.[Tomcat].[localhost].[/] - Initializing Spring embedded WebApplicationContext
2448 2022-05-08 23:39:59.418[main] INFO  o.s.b.w.s.c.ServletWebServerApplicationContext - Root WebApplicationContext: initialization completed in 1695 ms
2654 2022-05-08 23:39:59.624[main] INFO  o.h.jpa.internal.util.LogHelper - HHH000204: Processing PersistenceUnitInfo [name: default]
2702 2022-05-08 23:39:59.672[main] INFO  org.hibernate.Version - HHH000412: Hibernate ORM core version 5.4.33
2818 2022-05-08 23:39:59.788[main] INFO  o.h.annotations.common.Version - HCANN000001: Hibernate Commons Annotations {5.1.2.Final}
2914 2022-05-08 23:39:59.884[main] INFO  com.zaxxer.hikari.HikariDataSource - HikariPool-1 - Starting...
3181 2022-05-08 23:40:00.151[main] INFO  com.zaxxer.hikari.HikariDataSource - HikariPool-1 - Start completed.
3207 2022-05-08 23:40:00.177[main] INFO  org.hibernate.dialect.Dialect - HHH000400: Using dialect: org.hibernate.dialect.MySQL8Dialect
3919 2022-05-08 23:40:00.889[main] INFO  o.h.e.t.j.p.i.JtaPlatformInitiator - HHH000490: Using JtaPlatform implementation: [org.hibernate.engine.transaction.jta.platform.internal.NoJtaPlatform]
3927 2022-05-08 23:40:00.897[main] INFO  o.s.o.j.LocalContainerEntityManagerFactoryBean - Initialized JPA EntityManagerFactory for persistence unit 'default'
3962 2022-05-08 23:40:00.932[main] WARN  o.s.b.a.o.j.JpaBaseConfiguration$JpaWebConfiguration - spring.jpa.open-in-view is enabled by default. Therefore, database queries may be performed during view rendering. Explicitly configure spring.jpa.open-in-view to disable this warning
5388 2022-05-08 23:40:02.358[main] INFO  o.s.s.w.DefaultSecurityFilterChain - Will not secure Or [Ant [pattern='/oauth/token'], Ant [pattern='/oauth/token_key'], Ant [pattern='/oauth/check_token']]
5395 2022-05-08 23:40:02.365[main] INFO  o.s.s.w.DefaultSecurityFilterChain - Will not secure org.springframework.security.oauth2.config.annotation.web.configuration.ResourceServerConfiguration$NotOAuthRequestMatcher@414b785c
5398 2022-05-08 23:40:02.368[main] INFO  o.s.s.w.DefaultSecurityFilterChain - Will not secure any request
5519 2022-05-08 23:40:02.489[main] WARN  o.s.c.s.o.SpringCloudSecurityAutoConfiguration - All Spring Cloud Security modules and starters are deprecated. They will be moved to individual projects in the next major release.
5586 2022-05-08 23:40:02.556[main] INFO  o.a.coyote.http11.Http11NioProtocol - Starting ProtocolHandler ["http-nio-8081"]
5602 2022-05-08 23:40:02.572[main] INFO  o.s.b.w.e.tomcat.TomcatWebServer - Tomcat started on port(s): 8081 (http) with context path ''
5747 2022-05-08 23:40:02.717[main] INFO  o.s.b.w.e.tomcat.TomcatWebServer - Tomcat initialized with port(s): 9009 (http)
5748 2022-05-08 23:40:02.718[main] INFO  o.a.coyote.http11.Http11NioProtocol - Initializing ProtocolHandler ["http-nio-9009"]
5748 2022-05-08 23:40:02.718[main] INFO  o.a.catalina.core.StandardService - Starting service [Tomcat]
5748 2022-05-08 23:40:02.718[main] INFO  o.a.catalina.core.StandardEngine - Starting Servlet engine: [Apache Tomcat/9.0.60]
5781 2022-05-08 23:40:02.751[main] INFO  o.a.c.c.C.[.[localhost].[/] - Initializing Spring embedded WebApplicationContext
5781 2022-05-08 23:40:02.751[main] INFO  o.s.b.w.s.c.ServletWebServerApplicationContext - Root WebApplicationContext: initialization completed in 85 ms
5790 2022-05-08 23:40:02.760[main] INFO  o.s.b.a.e.web.EndpointLinksResolver - Exposing 15 endpoint(s) beneath base path '/actuator'
5820 2022-05-08 23:40:02.790[main] INFO  o.a.coyote.http11.Http11NioProtocol - Starting ProtocolHandler ["http-nio-9009"]
5822 2022-05-08 23:40:02.792[main] INFO  o.s.b.w.e.tomcat.TomcatWebServer - Tomcat started on port(s): 9009 (http) with context path ''
6206 2022-05-08 23:40:03.176[main] INFO  c.H.e.AccountManagementApplication - Started AccountManagementApplication in 5.953 seconds (JVM running for 6.668)
6989 2022-05-08 23:40:03.959[RMI TCP Connection(3)-127.0.0.1] INFO  o.a.c.c.C.[Tomcat].[localhost].[/] - Initializing Spring DispatcherServlet 'dispatcherServlet'
6989 2022-05-08 23:40:03.959[RMI TCP Connection(3)-127.0.0.1] INFO  o.s.web.servlet.DispatcherServlet - Initializing Servlet 'dispatcherServlet'
6994 2022-05-08 23:40:03.964[RMI TCP Connection(3)-127.0.0.1] INFO  o.s.web.servlet.DispatcherServlet - Completed initialization in 5 ms
44722 2022-05-08 23:40:41.692[RMI TCP Connection(5)-127.0.0.1] INFO  o.s.b.a.SpringApplicationAdminMXBeanRegistrar$SpringApplicationAdmin - Application shutdown requested.
44785 2022-05-08 23:40:41.755[RMI TCP Connection(5)-127.0.0.1] INFO  o.s.o.j.LocalContainerEntityManagerFactoryBean - Closing JPA EntityManagerFactory for persistence unit 'default'
44786 2022-05-08 23:40:41.756[RMI TCP Connection(5)-127.0.0.1] INFO  com.zaxxer.hikari.HikariDataSource - HikariPool-1 - Shutdown initiated...
44791 2022-05-08 23:40:41.761[RMI TCP Connection(5)-127.0.0.1] INFO  com.zaxxer.hikari.HikariDataSource - HikariPool-1 - Shutdown completed.
173  2022-05-09 01:57:05.407[main] ERROR c.H.e.AccountManagementApplication - Error log from AccountManagementApplication for logging level ERROR
737  2022-05-09 01:57:05.971[background-preinit] INFO  o.h.validator.internal.util.Version - HV000001: Hibernate Validator 6.2.3.Final
748  2022-05-09 01:57:05.982[main] INFO  c.H.e.AccountManagementApplication - Starting AccountManagementApplication using Java 17.0.2 on BLD with PID 37108 (C:\Users\jetau\OneDrive\Desktop\HCL-Account-Management\eCommerce\target\classes started by jetau in C:\Users\jetau\OneDrive\Desktop\HCL-Account-Management\eCommerce)
749  2022-05-09 01:57:05.983[main] INFO  c.H.e.AccountManagementApplication - The following 1 profile is active: "dev"
1760 2022-05-09 01:57:06.994[main] INFO  o.s.d.r.c.RepositoryConfigurationDelegate - Bootstrapping Spring Data JPA repositories in DEFAULT mode.
1810 2022-05-09 01:57:07.044[main] INFO  o.s.d.r.c.RepositoryConfigurationDelegate - Finished Spring Data repository scanning in 43 ms. Found 3 JPA repository interfaces.
2031 2022-05-09 01:57:07.265[main] INFO  o.s.c.context.scope.GenericScope - BeanFactory id=17b2a2e6-d9d7-30c3-b30e-776fe3bac1b0
2380 2022-05-09 01:57:07.614[main] INFO  o.s.b.w.e.tomcat.TomcatWebServer - Tomcat initialized with port(s): 8081 (http)
2388 2022-05-09 01:57:07.622[main] INFO  o.a.coyote.http11.Http11NioProtocol - Initializing ProtocolHandler ["http-nio-8081"]
2388 2022-05-09 01:57:07.622[main] INFO  o.a.catalina.core.StandardService - Starting service [Tomcat]
2388 2022-05-09 01:57:07.622[main] INFO  o.a.catalina.core.StandardEngine - Starting Servlet engine: [Apache Tomcat/9.0.60]
2501 2022-05-09 01:57:07.735[main] INFO  o.a.c.c.C.[Tomcat].[localhost].[/] - Initializing Spring embedded WebApplicationContext
2502 2022-05-09 01:57:07.736[main] INFO  o.s.b.w.s.c.ServletWebServerApplicationContext - Root WebApplicationContext: initialization completed in 1713 ms
2694 2022-05-09 01:57:07.928[main] INFO  o.h.jpa.internal.util.LogHelper - HHH000204: Processing PersistenceUnitInfo [name: default]
2741 2022-05-09 01:57:07.975[main] INFO  org.hibernate.Version - HHH000412: Hibernate ORM core version 5.4.33
2864 2022-05-09 01:57:08.098[main] INFO  o.h.annotations.common.Version - HCANN000001: Hibernate Commons Annotations {5.1.2.Final}
2961 2022-05-09 01:57:08.195[main] INFO  com.zaxxer.hikari.HikariDataSource - HikariPool-1 - Starting...
3234 2022-05-09 01:57:08.468[main] INFO  com.zaxxer.hikari.HikariDataSource - HikariPool-1 - Start completed.
3264 2022-05-09 01:57:08.498[main] INFO  org.hibernate.dialect.Dialect - HHH000400: Using dialect: org.hibernate.dialect.MySQL8Dialect
4064 2022-05-09 01:57:09.298[main] INFO  o.h.e.t.j.p.i.JtaPlatformInitiator - HHH000490: Using JtaPlatform implementation: [org.hibernate.engine.transaction.jta.platform.internal.NoJtaPlatform]
4072 2022-05-09 01:57:09.306[main] INFO  o.s.o.j.LocalContainerEntityManagerFactoryBean - Initialized JPA EntityManagerFactory for persistence unit 'default'
4110 2022-05-09 01:57:09.344[main] WARN  o.s.b.a.o.j.JpaBaseConfiguration$JpaWebConfiguration - spring.jpa.open-in-view is enabled by default. Therefore, database queries may be performed during view rendering. Explicitly configure spring.jpa.open-in-view to disable this warning
5708 2022-05-09 01:57:10.942[main] INFO  o.s.s.w.DefaultSecurityFilterChain - Will not secure Or [Ant [pattern='/oauth/token'], Ant [pattern='/oauth/token_key'], Ant [pattern='/oauth/check_token']]
5716 2022-05-09 01:57:10.950[main] INFO  o.s.s.w.DefaultSecurityFilterChain - Will not secure org.springframework.security.oauth2.config.annotation.web.configuration.ResourceServerConfiguration$NotOAuthRequestMatcher@738a1324
5719 2022-05-09 01:57:10.953[main] INFO  o.s.s.w.DefaultSecurityFilterChain - Will not secure any request
5848 2022-05-09 01:57:11.082[main] WARN  o.s.c.s.o.SpringCloudSecurityAutoConfiguration - All Spring Cloud Security modules and starters are deprecated. They will be moved to individual projects in the next major release.
5910 2022-05-09 01:57:11.144[main] INFO  o.a.coyote.http11.Http11NioProtocol - Starting ProtocolHandler ["http-nio-8081"]
5928 2022-05-09 01:57:11.162[main] INFO  o.s.b.w.e.tomcat.TomcatWebServer - Tomcat started on port(s): 8081 (http) with context path ''
6076 2022-05-09 01:57:11.310[main] INFO  o.s.b.w.e.tomcat.TomcatWebServer - Tomcat initialized with port(s): 9009 (http)
6077 2022-05-09 01:57:11.311[main] INFO  o.a.coyote.http11.Http11NioProtocol - Initializing ProtocolHandler ["http-nio-9009"]
6077 2022-05-09 01:57:11.311[main] INFO  o.a.catalina.core.StandardService - Starting service [Tomcat]
6077 2022-05-09 01:57:11.311[main] INFO  o.a.catalina.core.StandardEngine - Starting Servlet engine: [Apache Tomcat/9.0.60]
6105 2022-05-09 01:57:11.339[main] INFO  o.a.c.c.C.[.[localhost].[/] - Initializing Spring embedded WebApplicationContext
6105 2022-05-09 01:57:11.339[main] INFO  o.s.b.w.s.c.ServletWebServerApplicationContext - Root WebApplicationContext: initialization completed in 79 ms
6114 2022-05-09 01:57:11.348[main] INFO  o.s.b.a.e.web.EndpointLinksResolver - Exposing 15 endpoint(s) beneath base path '/actuator'
6144 2022-05-09 01:57:11.378[main] INFO  o.a.coyote.http11.Http11NioProtocol - Starting ProtocolHandler ["http-nio-9009"]
6146 2022-05-09 01:57:11.380[main] INFO  o.s.b.w.e.tomcat.TomcatWebServer - Tomcat started on port(s): 9009 (http) with context path ''
6567 2022-05-09 01:57:11.801[main] INFO  c.H.e.AccountManagementApplication - Started AccountManagementApplication in 6.297 seconds (JVM running for 7.079)
6598 2022-05-09 01:57:11.832[RMI TCP Connection(1)-127.0.0.1] INFO  o.a.c.c.C.[Tomcat].[localhost].[/] - Initializing Spring DispatcherServlet 'dispatcherServlet'
6598 2022-05-09 01:57:11.832[RMI TCP Connection(1)-127.0.0.1] INFO  o.s.web.servlet.DispatcherServlet - Initializing Servlet 'dispatcherServlet'
6600 2022-05-09 01:57:11.834[RMI TCP Connection(1)-127.0.0.1] INFO  o.s.web.servlet.DispatcherServlet - Completed initialization in 1 ms
673281 2022-05-09 02:08:18.515[RMI TCP Connection(16)-127.0.0.1] INFO  o.s.b.a.SpringApplicationAdminMXBeanRegistrar$SpringApplicationAdmin - Application shutdown requested.
673351 2022-05-09 02:08:18.585[RMI TCP Connection(16)-127.0.0.1] INFO  o.s.o.j.LocalContainerEntityManagerFactoryBean - Closing JPA EntityManagerFactory for persistence unit 'default'
673352 2022-05-09 02:08:18.586[RMI TCP Connection(16)-127.0.0.1] INFO  com.zaxxer.hikari.HikariDataSource - HikariPool-1 - Shutdown initiated...
673357 2022-05-09 02:08:18.591[RMI TCP Connection(16)-127.0.0.1] INFO  com.zaxxer.hikari.HikariDataSource - HikariPool-1 - Shutdown completed.
268  2022-05-09 02:08:28.262[main] INFO  o.s.b.t.c.SpringBootTestContextBootstrapper - Neither @ContextConfiguration nor @ContextHierarchy found for test class [com.HCL.eCommerce.AccountManagementApplicationTests], using SpringBootContextLoader
274  2022-05-09 02:08:28.268[main] INFO  o.s.t.c.s.AbstractContextLoader - Could not detect default resource locations for test class [com.HCL.eCommerce.AccountManagementApplicationTests]: no resource found for suffixes {-context.xml, Context.groovy}.
275  2022-05-09 02:08:28.269[main] INFO  o.s.t.c.s.AnnotationConfigContextLoaderUtils - Could not detect default configuration classes for test class [com.HCL.eCommerce.AccountManagementApplicationTests]: AccountManagementApplicationTests does not declare any static, non-private, non-final, nested classes annotated with @Configuration.
377  2022-05-09 02:08:28.371[main] INFO  o.s.b.t.c.SpringBootTestContextBootstrapper - Found @SpringBootConfiguration com.HCL.eCommerce.AccountManagementApplication for test class com.HCL.eCommerce.AccountManagementApplicationTests
477  2022-05-09 02:08:28.471[main] INFO  o.s.b.t.c.SpringBootTestContextBootstrapper - Loaded default TestExecutionListener class names from location [META-INF/spring.factories]: [org.springframework.boot.test.mock.mockito.MockitoTestExecutionListener, org.springframework.boot.test.mock.mockito.ResetMocksTestExecutionListener, org.springframework.boot.test.autoconfigure.restdocs.RestDocsTestExecutionListener, org.springframework.boot.test.autoconfigure.web.client.MockRestServiceServerResetTestExecutionListener, org.springframework.boot.test.autoconfigure.web.servlet.MockMvcPrintOnlyOnFailureTestExecutionListener, org.springframework.boot.test.autoconfigure.web.servlet.WebDriverTestExecutionListener, org.springframework.boot.test.autoconfigure.webservices.client.MockWebServiceServerTestExecutionListener, org.springframework.test.context.web.ServletTestExecutionListener, org.springframework.test.context.support.DirtiesContextBeforeModesTestExecutionListener, org.springframework.test.context.event.ApplicationEventsTestExecutionListener, org.springframework.test.context.support.DependencyInjectionTestExecutionListener, org.springframework.test.context.support.DirtiesContextTestExecutionListener, org.springframework.test.context.transaction.TransactionalTestExecutionListener, org.springframework.test.context.jdbc.SqlScriptsTestExecutionListener, org.springframework.test.context.event.EventPublishingTestExecutionListener]
492  2022-05-09 02:08:28.486[main] INFO  o.s.b.t.c.SpringBootTestContextBootstrapper - Using TestExecutionListeners: [org.springframework.test.context.web.ServletTestExecutionListener@9573b3b, org.springframework.test.context.support.DirtiesContextBeforeModesTestExecutionListener@67427b69, org.springframework.test.context.event.ApplicationEventsTestExecutionListener@78461bc4, org.springframework.boot.test.mock.mockito.MockitoTestExecutionListener@544630b7, org.springframework.boot.test.autoconfigure.SpringBootDependencyInjectionTestExecutionListener@64f857e7, org.springframework.test.context.support.DirtiesContextTestExecutionListener@1095f122, org.springframework.test.context.transaction.TransactionalTestExecutionListener@58c540cf, org.springframework.test.context.jdbc.SqlScriptsTestExecutionListener@3d6300e8, org.springframework.test.context.event.EventPublishingTestExecutionListener@1b822fcc, org.springframework.boot.test.mock.mockito.ResetMocksTestExecutionListener@24a1c17f, org.springframework.boot.test.autoconfigure.restdocs.RestDocsTestExecutionListener@56102e1c, org.springframework.boot.test.autoconfigure.web.client.MockRestServiceServerResetTestExecutionListener@73511076, org.springframework.boot.test.autoconfigure.web.servlet.MockMvcPrintOnlyOnFailureTestExecutionListener@7927bd9f, org.springframework.boot.test.autoconfigure.web.servlet.WebDriverTestExecutionListener@532721fd, org.springframework.boot.test.autoconfigure.webservices.client.MockWebServiceServerTestExecutionListener@410954b]
1018 2022-05-09 02:08:29.012[main] INFO  c.H.e.AccountManagementApplicationTests - Starting AccountManagementApplicationTests using Java 17.0.2 on BLD with PID 39680 (started by jetau in C:\Users\jetau\OneDrive\Desktop\HCL-Account-Management\eCommerce)
1019 2022-05-09 02:08:29.013[main] INFO  c.H.e.AccountManagementApplicationTests - The following 1 profile is active: "dev"
1025 2022-05-09 02:08:29.019[background-preinit] INFO  o.h.validator.internal.util.Version - HV000001: Hibernate Validator 6.2.3.Final
2263 2022-05-09 02:08:30.257[main] INFO  o.s.d.r.c.RepositoryConfigurationDelegate - Bootstrapping Spring Data JPA repositories in DEFAULT mode.
2324 2022-05-09 02:08:30.318[main] INFO  o.s.d.r.c.RepositoryConfigurationDelegate - Finished Spring Data repository scanning in 52 ms. Found 3 JPA repository interfaces.
2633 2022-05-09 02:08:30.627[main] INFO  o.s.c.context.scope.GenericScope - BeanFactory id=e3adbb3c-8450-39ff-8450-8a23a471af7c
3090 2022-05-09 02:08:31.084[main] INFO  o.h.jpa.internal.util.LogHelper - HHH000204: Processing PersistenceUnitInfo [name: default]
3156 2022-05-09 02:08:31.150[main] INFO  org.hibernate.Version - HHH000412: Hibernate ORM core version 5.4.33
3303 2022-05-09 02:08:31.297[main] INFO  o.h.annotations.common.Version - HCANN000001: Hibernate Commons Annotations {5.1.2.Final}
3459 2022-05-09 02:08:31.453[main] INFO  com.zaxxer.hikari.HikariDataSource - HikariPool-1 - Starting...
3786 2022-05-09 02:08:31.780[main] INFO  com.zaxxer.hikari.HikariDataSource - HikariPool-1 - Start completed.
3814 2022-05-09 02:08:31.808[main] INFO  org.hibernate.dialect.Dialect - HHH000400: Using dialect: org.hibernate.dialect.MySQL8Dialect
4623 2022-05-09 02:08:32.617[main] INFO  o.h.e.t.j.p.i.JtaPlatformInitiator - HHH000490: Using JtaPlatform implementation: [org.hibernate.engine.transaction.jta.platform.internal.NoJtaPlatform]
4632 2022-05-09 02:08:32.626[main] INFO  o.s.o.j.LocalContainerEntityManagerFactoryBean - Initialized JPA EntityManagerFactory for persistence unit 'default'
4710 2022-05-09 02:08:32.704[main] WARN  o.s.b.a.o.j.JpaBaseConfiguration$JpaWebConfiguration - spring.jpa.open-in-view is enabled by default. Therefore, database queries may be performed during view rendering. Explicitly configure spring.jpa.open-in-view to disable this warning
7513 2022-05-09 02:08:35.507[main] INFO  o.s.s.w.DefaultSecurityFilterChain - Will not secure Or [Ant [pattern='/oauth/token'], Ant [pattern='/oauth/token_key'], Ant [pattern='/oauth/check_token']]
7527 2022-05-09 02:08:35.521[main] INFO  o.s.s.w.DefaultSecurityFilterChain - Will not secure org.springframework.security.oauth2.config.annotation.web.configuration.ResourceServerConfiguration$NotOAuthRequestMatcher@6eb06667
7536 2022-05-09 02:08:35.530[main] INFO  o.s.s.w.DefaultSecurityFilterChain - Will not secure any request
7719 2022-05-09 02:08:35.713[main] WARN  o.s.c.s.o.SpringCloudSecurityAutoConfiguration - All Spring Cloud Security modules and starters are deprecated. They will be moved to individual projects in the next major release.
8173 2022-05-09 02:08:36.167[main] INFO  c.H.e.AccountManagementApplicationTests - Started AccountManagementApplicationTests in 7.648 seconds (JVM running for 8.973)
8425 2022-05-09 02:08:36.419[SpringApplicationShutdownHook] INFO  o.s.o.j.LocalContainerEntityManagerFactoryBean - Closing JPA EntityManagerFactory for persistence unit 'default'
8427 2022-05-09 02:08:36.421[SpringApplicationShutdownHook] INFO  com.zaxxer.hikari.HikariDataSource - HikariPool-1 - Shutdown initiated...
8435 2022-05-09 02:08:36.429[SpringApplicationShutdownHook] INFO  com.zaxxer.hikari.HikariDataSource - HikariPool-1 - Shutdown completed.
185  2022-05-09 02:13:32.904[main] INFO  o.s.b.t.c.SpringBootTestContextBootstrapper - Neither @ContextConfiguration nor @ContextHierarchy found for test class [com.HCL.eCommerce.AccountManagementApplicationTests], using SpringBootContextLoader
193  2022-05-09 02:13:32.912[main] INFO  o.s.t.c.s.AbstractContextLoader - Could not detect default resource locations for test class [com.HCL.eCommerce.AccountManagementApplicationTests]: no resource found for suffixes {-context.xml, Context.groovy}.
193  2022-05-09 02:13:32.912[main] INFO  o.s.t.c.s.AnnotationConfigContextLoaderUtils - Could not detect default configuration classes for test class [com.HCL.eCommerce.AccountManagementApplicationTests]: AccountManagementApplicationTests does not declare any static, non-private, non-final, nested classes annotated with @Configuration.
303  2022-05-09 02:13:33.022[main] INFO  o.s.b.t.c.SpringBootTestContextBootstrapper - Found @SpringBootConfiguration com.HCL.eCommerce.AccountManagementApplication for test class com.HCL.eCommerce.AccountManagementApplicationTests
414  2022-05-09 02:13:33.133[main] INFO  o.s.b.t.c.SpringBootTestContextBootstrapper - Loaded default TestExecutionListener class names from location [META-INF/spring.factories]: [org.springframework.boot.test.mock.mockito.MockitoTestExecutionListener, org.springframework.boot.test.mock.mockito.ResetMocksTestExecutionListener, org.springframework.boot.test.autoconfigure.restdocs.RestDocsTestExecutionListener, org.springframework.boot.test.autoconfigure.web.client.MockRestServiceServerResetTestExecutionListener, org.springframework.boot.test.autoconfigure.web.servlet.MockMvcPrintOnlyOnFailureTestExecutionListener, org.springframework.boot.test.autoconfigure.web.servlet.WebDriverTestExecutionListener, org.springframework.boot.test.autoconfigure.webservices.client.MockWebServiceServerTestExecutionListener, org.springframework.test.context.web.ServletTestExecutionListener, org.springframework.test.context.support.DirtiesContextBeforeModesTestExecutionListener, org.springframework.test.context.event.ApplicationEventsTestExecutionListener, org.springframework.test.context.support.DependencyInjectionTestExecutionListener, org.springframework.test.context.support.DirtiesContextTestExecutionListener, org.springframework.test.context.transaction.TransactionalTestExecutionListener, org.springframework.test.context.jdbc.SqlScriptsTestExecutionListener, org.springframework.test.context.event.EventPublishingTestExecutionListener]
432  2022-05-09 02:13:33.151[main] INFO  o.s.b.t.c.SpringBootTestContextBootstrapper - Using TestExecutionListeners: [org.springframework.test.context.web.ServletTestExecutionListener@191ae03f, org.springframework.test.context.support.DirtiesContextBeforeModesTestExecutionListener@9635fa, org.springframework.test.context.event.ApplicationEventsTestExecutionListener@53ab0286, org.springframework.boot.test.mock.mockito.MockitoTestExecutionListener@63c5efee, org.springframework.boot.test.autoconfigure.SpringBootDependencyInjectionTestExecutionListener@2d10e0b1, org.springframework.test.context.support.DirtiesContextTestExecutionListener@1c98290c, org.springframework.test.context.transaction.TransactionalTestExecutionListener@172ca72b, org.springframework.test.context.jdbc.SqlScriptsTestExecutionListener@5bda80bf, org.springframework.test.context.event.EventPublishingTestExecutionListener@71e5f61d, org.springframework.boot.test.mock.mockito.ResetMocksTestExecutionListener@2ce86164, org.springframework.boot.test.autoconfigure.restdocs.RestDocsTestExecutionListener@5e8f9e2d, org.springframework.boot.test.autoconfigure.web.client.MockRestServiceServerResetTestExecutionListener@51df223b, org.springframework.boot.test.autoconfigure.web.servlet.MockMvcPrintOnlyOnFailureTestExecutionListener@fd46303, org.springframework.boot.test.autoconfigure.web.servlet.WebDriverTestExecutionListener@60d8c0dc, org.springframework.boot.test.autoconfigure.webservices.client.MockWebServiceServerTestExecutionListener@4204541c]
957  2022-05-09 02:13:33.676[main] INFO  c.H.e.AccountManagementApplicationTests - Starting AccountManagementApplicationTests using Java 17.0.2 on BLD with PID 38860 (started by jetau in C:\Users\jetau\OneDrive\Desktop\HCL-Account-Management\eCommerce)
957  2022-05-09 02:13:33.676[main] INFO  c.H.e.AccountManagementApplicationTests - The following 1 profile is active: "dev"
972  2022-05-09 02:13:33.691[background-preinit] INFO  o.h.validator.internal.util.Version - HV000001: Hibernate Validator 6.2.3.Final
2404 2022-05-09 02:13:35.123[main] INFO  o.s.d.r.c.RepositoryConfigurationDelegate - Bootstrapping Spring Data JPA repositories in DEFAULT mode.
2478 2022-05-09 02:13:35.197[main] INFO  o.s.d.r.c.RepositoryConfigurationDelegate - Finished Spring Data repository scanning in 60 ms. Found 3 JPA repository interfaces.
2786 2022-05-09 02:13:35.505[main] INFO  o.s.c.context.scope.GenericScope - BeanFactory id=e3adbb3c-8450-39ff-8450-8a23a471af7c
3279 2022-05-09 02:13:35.998[main] INFO  o.h.jpa.internal.util.LogHelper - HHH000204: Processing PersistenceUnitInfo [name: default]
3348 2022-05-09 02:13:36.067[main] INFO  org.hibernate.Version - HHH000412: Hibernate ORM core version 5.4.33
3515 2022-05-09 02:13:36.234[main] INFO  o.h.annotations.common.Version - HCANN000001: Hibernate Commons Annotations {5.1.2.Final}
3675 2022-05-09 02:13:36.394[main] INFO  com.zaxxer.hikari.HikariDataSource - HikariPool-1 - Starting...
4037 2022-05-09 02:13:36.756[main] INFO  com.zaxxer.hikari.HikariDataSource - HikariPool-1 - Start completed.
4077 2022-05-09 02:13:36.796[main] INFO  org.hibernate.dialect.Dialect - HHH000400: Using dialect: org.hibernate.dialect.MySQL8Dialect
4995 2022-05-09 02:13:37.714[main] INFO  o.h.e.t.j.p.i.JtaPlatformInitiator - HHH000490: Using JtaPlatform implementation: [org.hibernate.engine.transaction.jta.platform.internal.NoJtaPlatform]
5005 2022-05-09 02:13:37.724[main] INFO  o.s.o.j.LocalContainerEntityManagerFactoryBean - Initialized JPA EntityManagerFactory for persistence unit 'default'
5085 2022-05-09 02:13:37.804[main] WARN  o.s.b.a.o.j.JpaBaseConfiguration$JpaWebConfiguration - spring.jpa.open-in-view is enabled by default. Therefore, database queries may be performed during view rendering. Explicitly configure spring.jpa.open-in-view to disable this warning
7912 2022-05-09 02:13:40.631[main] INFO  o.s.s.w.DefaultSecurityFilterChain - Will not secure Or [Ant [pattern='/oauth/token'], Ant [pattern='/oauth/token_key'], Ant [pattern='/oauth/check_token']]
7926 2022-05-09 02:13:40.645[main] INFO  o.s.s.w.DefaultSecurityFilterChain - Will not secure org.springframework.security.oauth2.config.annotation.web.configuration.ResourceServerConfiguration$NotOAuthRequestMatcher@77cf9b08
7935 2022-05-09 02:13:40.654[main] INFO  o.s.s.w.DefaultSecurityFilterChain - Will not secure any request
8110 2022-05-09 02:13:40.829[main] WARN  o.s.c.s.o.SpringCloudSecurityAutoConfiguration - All Spring Cloud Security modules and starters are deprecated. They will be moved to individual projects in the next major release.
8605 2022-05-09 02:13:41.324[main] INFO  c.H.e.AccountManagementApplicationTests - Started AccountManagementApplicationTests in 8.12 seconds (JVM running for 9.242)
8933 2022-05-09 02:13:41.652[SpringApplicationShutdownHook] INFO  o.s.o.j.LocalContainerEntityManagerFactoryBean - Closing JPA EntityManagerFactory for persistence unit 'default'
8935 2022-05-09 02:13:41.654[SpringApplicationShutdownHook] INFO  com.zaxxer.hikari.HikariDataSource - HikariPool-1 - Shutdown initiated...
8942 2022-05-09 02:13:41.661[SpringApplicationShutdownHook] INFO  com.zaxxer.hikari.HikariDataSource - HikariPool-1 - Shutdown completed.
287  2022-05-09 02:14:14.309[main] INFO  o.s.b.t.c.SpringBootTestContextBootstrapper - Neither @ContextConfiguration nor @ContextHierarchy found for test class [com.HCL.eCommerce.AccountManagementApplicationTests], using SpringBootContextLoader
294  2022-05-09 02:14:14.316[main] INFO  o.s.t.c.s.AbstractContextLoader - Could not detect default resource locations for test class [com.HCL.eCommerce.AccountManagementApplicationTests]: no resource found for suffixes {-context.xml, Context.groovy}.
294  2022-05-09 02:14:14.316[main] INFO  o.s.t.c.s.AnnotationConfigContextLoaderUtils - Could not detect default configuration classes for test class [com.HCL.eCommerce.AccountManagementApplicationTests]: AccountManagementApplicationTests does not declare any static, non-private, non-final, nested classes annotated with @Configuration.
399  2022-05-09 02:14:14.421[main] INFO  o.s.b.t.c.SpringBootTestContextBootstrapper - Found @SpringBootConfiguration com.HCL.eCommerce.AccountManagementApplication for test class com.HCL.eCommerce.AccountManagementApplicationTests
503  2022-05-09 02:14:14.525[main] INFO  o.s.b.t.c.SpringBootTestContextBootstrapper - Loaded default TestExecutionListener class names from location [META-INF/spring.factories]: [org.springframework.boot.test.mock.mockito.MockitoTestExecutionListener, org.springframework.boot.test.mock.mockito.ResetMocksTestExecutionListener, org.springframework.boot.test.autoconfigure.restdocs.RestDocsTestExecutionListener, org.springframework.boot.test.autoconfigure.web.client.MockRestServiceServerResetTestExecutionListener, org.springframework.boot.test.autoconfigure.web.servlet.MockMvcPrintOnlyOnFailureTestExecutionListener, org.springframework.boot.test.autoconfigure.web.servlet.WebDriverTestExecutionListener, org.springframework.boot.test.autoconfigure.webservices.client.MockWebServiceServerTestExecutionListener, org.springframework.test.context.web.ServletTestExecutionListener, org.springframework.test.context.support.DirtiesContextBeforeModesTestExecutionListener, org.springframework.test.context.event.ApplicationEventsTestExecutionListener, org.springframework.test.context.support.DependencyInjectionTestExecutionListener, org.springframework.test.context.support.DirtiesContextTestExecutionListener, org.springframework.test.context.transaction.TransactionalTestExecutionListener, org.springframework.test.context.jdbc.SqlScriptsTestExecutionListener, org.springframework.test.context.event.EventPublishingTestExecutionListener]
519  2022-05-09 02:14:14.541[main] INFO  o.s.b.t.c.SpringBootTestContextBootstrapper - Using TestExecutionListeners: [org.springframework.test.context.web.ServletTestExecutionListener@9573b3b, org.springframework.test.context.support.DirtiesContextBeforeModesTestExecutionListener@67427b69, org.springframework.test.context.event.ApplicationEventsTestExecutionListener@78461bc4, org.springframework.boot.test.mock.mockito.MockitoTestExecutionListener@544630b7, org.springframework.boot.test.autoconfigure.SpringBootDependencyInjectionTestExecutionListener@64f857e7, org.springframework.test.context.support.DirtiesContextTestExecutionListener@1095f122, org.springframework.test.context.transaction.TransactionalTestExecutionListener@58c540cf, org.springframework.test.context.jdbc.SqlScriptsTestExecutionListener@3d6300e8, org.springframework.test.context.event.EventPublishingTestExecutionListener@1b822fcc, org.springframework.boot.test.mock.mockito.ResetMocksTestExecutionListener@24a1c17f, org.springframework.boot.test.autoconfigure.restdocs.RestDocsTestExecutionListener@56102e1c, org.springframework.boot.test.autoconfigure.web.client.MockRestServiceServerResetTestExecutionListener@73511076, org.springframework.boot.test.autoconfigure.web.servlet.MockMvcPrintOnlyOnFailureTestExecutionListener@7927bd9f, org.springframework.boot.test.autoconfigure.web.servlet.WebDriverTestExecutionListener@532721fd, org.springframework.boot.test.autoconfigure.webservices.client.MockWebServiceServerTestExecutionListener@410954b]
1016 2022-05-09 02:14:15.038[main] INFO  c.H.e.AccountManagementApplicationTests - Starting AccountManagementApplicationTests using Java 17.0.2 on BLD with PID 34472 (started by jetau in C:\Users\jetau\OneDrive\Desktop\HCL-Account-Management\eCommerce)
1017 2022-05-09 02:14:15.039[main] INFO  c.H.e.AccountManagementApplicationTests - The following 1 profile is active: "dev"
1024 2022-05-09 02:14:15.046[background-preinit] INFO  o.h.validator.internal.util.Version - HV000001: Hibernate Validator 6.2.3.Final
2291 2022-05-09 02:14:16.313[main] INFO  o.s.d.r.c.RepositoryConfigurationDelegate - Bootstrapping Spring Data JPA repositories in DEFAULT mode.
2352 2022-05-09 02:14:16.374[main] INFO  o.s.d.r.c.RepositoryConfigurationDelegate - Finished Spring Data repository scanning in 53 ms. Found 3 JPA repository interfaces.
2680 2022-05-09 02:14:16.702[main] INFO  o.s.c.context.scope.GenericScope - BeanFactory id=e3adbb3c-8450-39ff-8450-8a23a471af7c
3164 2022-05-09 02:14:17.186[main] INFO  o.h.jpa.internal.util.LogHelper - HHH000204: Processing PersistenceUnitInfo [name: default]
3228 2022-05-09 02:14:17.250[main] INFO  org.hibernate.Version - HHH000412: Hibernate ORM core version 5.4.33
3389 2022-05-09 02:14:17.411[main] INFO  o.h.annotations.common.Version - HCANN000001: Hibernate Commons Annotations {5.1.2.Final}
3555 2022-05-09 02:14:17.577[main] INFO  com.zaxxer.hikari.HikariDataSource - HikariPool-1 - Starting...
3891 2022-05-09 02:14:17.913[main] INFO  com.zaxxer.hikari.HikariDataSource - HikariPool-1 - Start completed.
3921 2022-05-09 02:14:17.943[main] INFO  org.hibernate.dialect.Dialect - HHH000400: Using dialect: org.hibernate.dialect.MySQL8Dialect
4767 2022-05-09 02:14:18.789[main] INFO  o.h.e.t.j.p.i.JtaPlatformInitiator - HHH000490: Using JtaPlatform implementation: [org.hibernate.engine.transaction.jta.platform.internal.NoJtaPlatform]
4777 2022-05-09 02:14:18.799[main] INFO  o.s.o.j.LocalContainerEntityManagerFactoryBean - Initialized JPA EntityManagerFactory for persistence unit 'default'
4878 2022-05-09 02:14:18.900[main] WARN  o.s.b.a.o.j.JpaBaseConfiguration$JpaWebConfiguration - spring.jpa.open-in-view is enabled by default. Therefore, database queries may be performed during view rendering. Explicitly configure spring.jpa.open-in-view to disable this warning
8126 2022-05-09 02:14:22.148[main] INFO  o.s.s.w.DefaultSecurityFilterChain - Will not secure Or [Ant [pattern='/oauth/token'], Ant [pattern='/oauth/token_key'], Ant [pattern='/oauth/check_token']]
8153 2022-05-09 02:14:22.175[main] INFO  o.s.s.w.DefaultSecurityFilterChain - Will not secure org.springframework.security.oauth2.config.annotation.web.configuration.ResourceServerConfiguration$NotOAuthRequestMatcher@761ac810
8166 2022-05-09 02:14:22.188[main] INFO  o.s.s.w.DefaultSecurityFilterChain - Will not secure any request
8379 2022-05-09 02:14:22.401[main] WARN  o.s.c.s.o.SpringCloudSecurityAutoConfiguration - All Spring Cloud Security modules and starters are deprecated. They will be moved to individual projects in the next major release.
8937 2022-05-09 02:14:22.959[main] INFO  c.H.e.AccountManagementApplicationTests - Started AccountManagementApplicationTests in 8.383 seconds (JVM running for 9.8)
9248 2022-05-09 02:14:23.270[SpringApplicationShutdownHook] INFO  o.s.o.j.LocalContainerEntityManagerFactoryBean - Closing JPA EntityManagerFactory for persistence unit 'default'
9255 2022-05-09 02:14:23.277[SpringApplicationShutdownHook] INFO  com.zaxxer.hikari.HikariDataSource - HikariPool-1 - Shutdown initiated...
9267 2022-05-09 02:14:23.289[SpringApplicationShutdownHook] INFO  com.zaxxer.hikari.HikariDataSource - HikariPool-1 - Shutdown completed.
